<?xml version="1.0" encoding="UTF-8"?>
<testsuite xmlns:xsi="http://www.w3.org/2001/XMLSchema-instance" xsi:noNamespaceSchemaLocation="https://maven.apache.org/surefire/maven-surefire-plugin/xsd/surefire-test-report.xsd" name="com.mycompany.bullsandcows.dao.RoundDaoImplTest" time="0.154" tests="4" errors="0" skipped="0" failures="0">
  <properties>
[...]
</properties>
  <testcase name="testDeleteRound" classname="com.mycompany.bullsandcows.dao.RoundDaoImplTest" time="0"/>
  <testcase name="testPlayRound" classname="com.mycompany.bullsandcows.dao.RoundDaoImplTest" time="0.035"/>
  <testcase name="testGetAllRounds" classname="com.mycompany.bullsandcows.dao.RoundDaoImplTest" time="0.063"/>
  <testcase name="testGetAllRoundsById" classname="com.mycompany.bullsandcows.dao.RoundDaoImplTest" time="0.047"/>
</testsuite>